<?xml version="1.0" encoding="UTF-8"?>
<testsuite xmlns:xsi="http://www.w3.org/2001/XMLSchema-instance" xsi:noNamespaceSchemaLocation="https://maven.apache.org/surefire/maven-surefire-plugin/xsd/surefire-test-report.xsd" version="3.0.2" name="lule.dictionary.unit.service.PaginationServiceTest" time="0.041" tests="4" errors="0" skipped="0" failures="0">
  <properties>
    <property name="java.specification.version" value="21"/>
    <property name="sun.jnu.encoding" value="UTF-8"/>
    <property name="java.class.path" value="/home/nabrain/projects/dictionary-app/target/test-classes:/home/nabrain/projects/dictionary-app/target/classes:/home/nabrain/.m2/repository/org/springframework/boot/spring-boot-starter-actuator/3.5.5/spring-boot-starter-actuator-3.5.5.jar:/home/nabrain/.m2/repository/org/springframework/boot/spring-boot-starter/3.5.5/spring-boot-starter-3.5.5.jar:/home/nabrain/.m2/repository/org/springframework/boot/spring-boot-starter-logging/3.5.5/spring-boot-starter-logging-3.5.5.jar:/home/nabrain/.m2/repository/ch/qos/logback/logback-classic/1.5.18/logback-classic-1.5.18.jar:/home/nabrain/.m2/repository/ch/qos/logback/logback-core/1.5.18/logback-core-1.5.18.jar:/home/nabrain/.m2/repository/org/apache/logging/log4j/log4j-to-slf4j/2.24.3/log4j-to-slf4j-2.24.3.jar:/home/nabrain/.m2/repository/org/apache/logging/log4j/log4j-api/2.24.3/log4j-api-2.24.3.jar:/home/nabrain/.m2/repository/org/slf4j/jul-to-slf4j/2.0.17/jul-to-slf4j-2.0.17.jar:/home/nabrain/.m2/repository/jakarta/annotation/jakarta.annotation-api/2.1.1/jakarta.annotation-api-2.1.1.jar:/home/nabrain/.m2/repository/org/yaml/snakeyaml/2.4/snakeyaml-2.4.jar:/home/nabrain/.m2/repository/org/springframework/boot/spring-boot-actuator-autoconfigure/3.5.5/spring-boot-actuator-autoconfigure-3.5.5.jar:/home/nabrain/.m2/repository/org/springframework/boot/spring-boot-actuator/3.5.5/spring-boot-actuator-3.5.5.jar:/home/nabrain/.m2/repository/com/fasterxml/jackson/datatype/jackson-datatype-jsr310/2.19.2/jackson-datatype-jsr310-2.19.2.jar:/home/nabrain/.m2/repository/io/micrometer/micrometer-observation/1.15.3/micrometer-observation-1.15.3.jar:/home/nabrain/.m2/repository/io/micrometer/micrometer-commons/1.15.3/micrometer-commons-1.15.3.jar:/home/nabrain/.m2/repository/io/micrometer/micrometer-jakarta9/1.15.3/micrometer-jakarta9-1.15.3.jar:/home/nabrain/.m2/repository/io/micrometer/micrometer-core/1.15.3/micrometer-core-1.15.3.jar:/home/nabrain/.m2/repository/org/hdrhistogram/HdrHistogram/2.2.2/HdrHistogram-2.2.2.jar:/home/nabrain/.m2/repository/org/latencyutils/LatencyUtils/2.0.3/LatencyUtils-2.0.3.jar:/home/nabrain/.m2/repository/org/springframework/boot/spring-boot-starter-jdbc/3.5.5/spring-boot-starter-jdbc-3.5.5.jar:/home/nabrain/.m2/repository/com/zaxxer/HikariCP/6.3.2/HikariCP-6.3.2.jar:/home/nabrain/.m2/repository/org/slf4j/slf4j-api/2.0.17/slf4j-api-2.0.17.jar:/home/nabrain/.m2/repository/org/springframework/spring-jdbc/6.2.10/spring-jdbc-6.2.10.jar:/home/nabrain/.m2/repository/org/springframework/spring-tx/6.2.10/spring-tx-6.2.10.jar:/home/nabrain/.m2/repository/org/springframework/boot/spring-boot-starter-web/3.5.5/spring-boot-starter-web-3.5.5.jar:/home/nabrain/.m2/repository/org/springframework/boot/spring-boot-starter-json/3.5.5/spring-boot-starter-json-3.5.5.jar:/home/nabrain/.m2/repository/com/fasterxml/jackson/datatype/jackson-datatype-jdk8/2.19.2/jackson-datatype-jdk8-2.19.2.jar:/home/nabrain/.m2/repository/org/springframework/boot/spring-boot-starter-tomcat/3.5.5/spring-boot-starter-tomcat-3.5.5.jar:/home/nabrain/.m2/repository/org/apache/tomcat/embed/tomcat-embed-core/10.1.44/tomcat-embed-core-10.1.44.jar:/home/nabrain/.m2/repository/org/apache/tomcat/embed/tomcat-embed-el/10.1.44/tomcat-embed-el-10.1.44.jar:/home/nabrain/.m2/repository/org/apache/tomcat/embed/tomcat-embed-websocket/10.1.44/tomcat-embed-websocket-10.1.44.jar:/home/nabrain/.m2/repository/org/springframework/spring-web/6.2.10/spring-web-6.2.10.jar:/home/nabrain/.m2/repository/org/springframework/spring-webmvc/6.2.10/spring-webmvc-6.2.10.jar:/home/nabrain/.m2/repository/gg/jte/jte-spring-boot-starter-3/3.2.1/jte-spring-boot-starter-3-3.2.1.jar:/home/nabrain/.m2/repository/org/springframework/boot/spring-boot-autoconfigure/3.5.5/spring-boot-autoconfigure-3.5.5.jar:/home/nabrain/.m2/repository/gg/jte/jte/3.2.1/jte-3.2.1.jar:/home/nabrain/.m2/repository/gg/jte/jte-runtime/3.2.1/jte-runtime-3.2.1.jar:/home/nabrain/.m2/repository/gg/jte/jte-extension-api/3.2.1/jte-extension-api-3.2.1.jar:/home/nabrain/.m2/repository/org/springframework/boot/spring-boot-starter-security/3.5.5/spring-boot-starter-security-3.5.5.jar:/home/nabrain/.m2/repository/org/springframework/spring-aop/6.2.10/spring-aop-6.2.10.jar:/home/nabrain/.m2/repository/org/springframework/security/spring-security-config/6.5.3/spring-security-config-6.5.3.jar:/home/nabrain/.m2/repository/org/springframework/security/spring-security-web/6.5.3/spring-security-web-6.5.3.jar:/home/nabrain/.m2/repository/org/springframework/security/spring-security-core/6.5.3/spring-security-core-6.5.3.jar:/home/nabrain/.m2/repository/org/springframework/security/spring-security-crypto/6.5.3/spring-security-crypto-6.5.3.jar:/home/nabrain/.m2/repository/org/springframework/spring-beans/6.2.10/spring-beans-6.2.10.jar:/home/nabrain/.m2/repository/org/springframework/spring-context/6.2.10/spring-context-6.2.10.jar:/home/nabrain/.m2/repository/org/springframework/spring-core/6.2.10/spring-core-6.2.10.jar:/home/nabrain/.m2/repository/org/springframework/spring-jcl/6.2.10/spring-jcl-6.2.10.jar:/home/nabrain/.m2/repository/org/springframework/spring-expression/6.2.10/spring-expression-6.2.10.jar:/home/nabrain/.m2/repository/org/jsoup/jsoup/1.17.2/jsoup-1.17.2.jar:/home/nabrain/.m2/repository/org/webjars/npm/htmx.org/2.0.4/htmx.org-2.0.4.jar:/home/nabrain/.m2/repository/org/springframework/boot/spring-boot-docker-compose/3.5.5/spring-boot-docker-compose-3.5.5.jar:/home/nabrain/.m2/repository/org/springframework/boot/spring-boot/3.5.5/spring-boot-3.5.5.jar:/home/nabrain/.m2/repository/com/fasterxml/jackson/core/jackson-databind/2.19.2/jackson-databind-2.19.2.jar:/home/nabrain/.m2/repository/com/fasterxml/jackson/core/jackson-annotations/2.19.2/jackson-annotations-2.19.2.jar:/home/nabrain/.m2/repository/com/fasterxml/jackson/core/jackson-core/2.19.2/jackson-core-2.19.2.jar:/home/nabrain/.m2/repository/com/fasterxml/jackson/module/jackson-module-parameter-names/2.19.2/jackson-module-parameter-names-2.19.2.jar:/home/nabrain/.m2/repository/org/postgresql/postgresql/42.7.7/postgresql-42.7.7.jar:/home/nabrain/.m2/repository/org/checkerframework/checker-qual/3.49.3/checker-qual-3.49.3.jar:/home/nabrain/.m2/repository/org/springframework/boot/spring-boot-devtools/3.5.5/spring-boot-devtools-3.5.5.jar:/home/nabrain/.m2/repository/io/jsonwebtoken/jjwt/0.13.0/jjwt-0.13.0.jar:/home/nabrain/.m2/repository/io/jsonwebtoken/jjwt-api/0.13.0/jjwt-api-0.13.0.jar:/home/nabrain/.m2/repository/io/jsonwebtoken/jjwt-impl/0.13.0/jjwt-impl-0.13.0.jar:/home/nabrain/.m2/repository/io/jsonwebtoken/jjwt-jackson/0.13.0/jjwt-jackson-0.13.0.jar:/home/nabrain/.m2/repository/org/projectlombok/lombok/1.18.38/lombok-1.18.38.jar:/home/nabrain/.m2/repository/gg/jte/jte-watcher/3.2.1/jte-watcher-3.2.1.jar:/home/nabrain/.m2/repository/io/methvin/directory-watcher/0.16.1/directory-watcher-0.16.1.jar:/home/nabrain/.m2/repository/net/java/dev/jna/jna/5.12.1/jna-5.12.1.jar:/home/nabrain/.m2/repository/org/springframework/boot/spring-boot-starter-test/3.5.5/spring-boot-starter-test-3.5.5.jar:/home/nabrain/.m2/repository/org/springframework/boot/spring-boot-test/3.5.5/spring-boot-test-3.5.5.jar:/home/nabrain/.m2/repository/org/springframework/boot/spring-boot-test-autoconfigure/3.5.5/spring-boot-test-autoconfigure-3.5.5.jar:/home/nabrain/.m2/repository/com/jayway/jsonpath/json-path/2.9.0/json-path-2.9.0.jar:/home/nabrain/.m2/repository/jakarta/xml/bind/jakarta.xml.bind-api/4.0.2/jakarta.xml.bind-api-4.0.2.jar:/home/nabrain/.m2/repository/jakarta/activation/jakarta.activation-api/2.1.3/jakarta.activation-api-2.1.3.jar:/home/nabrain/.m2/repository/net/minidev/json-smart/2.5.2/json-smart-2.5.2.jar:/home/nabrain/.m2/repository/net/minidev/accessors-smart/2.5.2/accessors-smart-2.5.2.jar:/home/nabrain/.m2/repository/org/ow2/asm/asm/9.7.1/asm-9.7.1.jar:/home/nabrain/.m2/repository/org/assertj/assertj-core/3.27.4/assertj-core-3.27.4.jar:/home/nabrain/.m2/repository/net/bytebuddy/byte-buddy/1.17.7/byte-buddy-1.17.7.jar:/home/nabrain/.m2/repository/org/awaitility/awaitility/4.2.2/awaitility-4.2.2.jar:/home/nabrain/.m2/repository/org/hamcrest/hamcrest/3.0/hamcrest-3.0.jar:/home/nabrain/.m2/repository/org/junit/jupiter/junit-jupiter/5.12.2/junit-jupiter-5.12.2.jar:/home/nabrain/.m2/repository/org/junit/jupiter/junit-jupiter-api/5.12.2/junit-jupiter-api-5.12.2.jar:/home/nabrain/.m2/repository/org/opentest4j/opentest4j/1.3.0/opentest4j-1.3.0.jar:/home/nabrain/.m2/repository/org/junit/platform/junit-platform-commons/1.12.2/junit-platform-commons-1.12.2.jar:/home/nabrain/.m2/repository/org/apiguardian/apiguardian-api/1.1.2/apiguardian-api-1.1.2.jar:/home/nabrain/.m2/repository/org/junit/jupiter/junit-jupiter-params/5.12.2/junit-jupiter-params-5.12.2.jar:/home/nabrain/.m2/repository/org/junit/jupiter/junit-jupiter-engine/5.12.2/junit-jupiter-engine-5.12.2.jar:/home/nabrain/.m2/repository/org/junit/platform/junit-platform-engine/1.12.2/junit-platform-engine-1.12.2.jar:/home/nabrain/.m2/repository/org/mockito/mockito-core/5.17.0/mockito-core-5.17.0.jar:/home/nabrain/.m2/repository/net/bytebuddy/byte-buddy-agent/1.17.7/byte-buddy-agent-1.17.7.jar:/home/nabrain/.m2/repository/org/objenesis/objenesis/3.3/objenesis-3.3.jar:/home/nabrain/.m2/repository/org/mockito/mockito-junit-jupiter/5.17.0/mockito-junit-jupiter-5.17.0.jar:/home/nabrain/.m2/repository/org/skyscreamer/jsonassert/1.5.3/jsonassert-1.5.3.jar:/home/nabrain/.m2/repository/com/vaadin/external/google/android-json/0.0.20131108.vaadin1/android-json-0.0.20131108.vaadin1.jar:/home/nabrain/.m2/repository/org/springframework/spring-test/6.2.10/spring-test-6.2.10.jar:/home/nabrain/.m2/repository/org/xmlunit/xmlunit-core/2.10.3/xmlunit-core-2.10.3.jar:"/>
    <property name="java.vm.vendor" value="JetBrains s.r.o."/>
    <property name="sun.arch.data.model" value="64"/>
    <property name="java.vendor.url" value="https://openjdk.org/"/>
    <property name="user.timezone" value="Europe/Warsaw"/>
    <property name="os.name" value="Linux"/>
    <property name="java.vm.specification.version" value="21"/>
    <property name="sun.java.launcher" value="SUN_STANDARD"/>
    <property name="user.country" value="GB"/>
    <property name="sun.boot.library.path" value="/home/nabrain/.jdks/jbr-21.0.8-1/lib"/>
    <property name="sun.java.command" value="/home/nabrain/projects/dictionary-app/target/surefire/surefirebooter-20250919205344587_3.jar /home/nabrain/projects/dictionary-app/target/surefire 2025-09-19T20-53-44_501-jvmRun1 surefire-20250919205344587_1tmp surefire_0-20250919205344587_2tmp"/>
    <property name="jdk.debug" value="release"/>
    <property name="surefire.test.class.path" value="/home/nabrain/projects/dictionary-app/target/test-classes:/home/nabrain/projects/dictionary-app/target/classes:/home/nabrain/.m2/repository/org/springframework/boot/spring-boot-starter-actuator/3.5.5/spring-boot-starter-actuator-3.5.5.jar:/home/nabrain/.m2/repository/org/springframework/boot/spring-boot-starter/3.5.5/spring-boot-starter-3.5.5.jar:/home/nabrain/.m2/repository/org/springframework/boot/spring-boot-starter-logging/3.5.5/spring-boot-starter-logging-3.5.5.jar:/home/nabrain/.m2/repository/ch/qos/logback/logback-classic/1.5.18/logback-classic-1.5.18.jar:/home/nabrain/.m2/repository/ch/qos/logback/logback-core/1.5.18/logback-core-1.5.18.jar:/home/nabrain/.m2/repository/org/apache/logging/log4j/log4j-to-slf4j/2.24.3/log4j-to-slf4j-2.24.3.jar:/home/nabrain/.m2/repository/org/apache/logging/log4j/log4j-api/2.24.3/log4j-api-2.24.3.jar:/home/nabrain/.m2/repository/org/slf4j/jul-to-slf4j/2.0.17/jul-to-slf4j-2.0.17.jar:/home/nabrain/.m2/repository/jakarta/annotation/jakarta.annotation-api/2.1.1/jakarta.annotation-api-2.1.1.jar:/home/nabrain/.m2/repository/org/yaml/snakeyaml/2.4/snakeyaml-2.4.jar:/home/nabrain/.m2/repository/org/springframework/boot/spring-boot-actuator-autoconfigure/3.5.5/spring-boot-actuator-autoconfigure-3.5.5.jar:/home/nabrain/.m2/repository/org/springframework/boot/spring-boot-actuator/3.5.5/spring-boot-actuator-3.5.5.jar:/home/nabrain/.m2/repository/com/fasterxml/jackson/datatype/jackson-datatype-jsr310/2.19.2/jackson-datatype-jsr310-2.19.2.jar:/home/nabrain/.m2/repository/io/micrometer/micrometer-observation/1.15.3/micrometer-observation-1.15.3.jar:/home/nabrain/.m2/repository/io/micrometer/micrometer-commons/1.15.3/micrometer-commons-1.15.3.jar:/home/nabrain/.m2/repository/io/micrometer/micrometer-jakarta9/1.15.3/micrometer-jakarta9-1.15.3.jar:/home/nabrain/.m2/repository/io/micrometer/micrometer-core/1.15.3/micrometer-core-1.15.3.jar:/home/nabrain/.m2/repository/org/hdrhistogram/HdrHistogram/2.2.2/HdrHistogram-2.2.2.jar:/home/nabrain/.m2/repository/org/latencyutils/LatencyUtils/2.0.3/LatencyUtils-2.0.3.jar:/home/nabrain/.m2/repository/org/springframework/boot/spring-boot-starter-jdbc/3.5.5/spring-boot-starter-jdbc-3.5.5.jar:/home/nabrain/.m2/repository/com/zaxxer/HikariCP/6.3.2/HikariCP-6.3.2.jar:/home/nabrain/.m2/repository/org/slf4j/slf4j-api/2.0.17/slf4j-api-2.0.17.jar:/home/nabrain/.m2/repository/org/springframework/spring-jdbc/6.2.10/spring-jdbc-6.2.10.jar:/home/nabrain/.m2/repository/org/springframework/spring-tx/6.2.10/spring-tx-6.2.10.jar:/home/nabrain/.m2/repository/org/springframework/boot/spring-boot-starter-web/3.5.5/spring-boot-starter-web-3.5.5.jar:/home/nabrain/.m2/repository/org/springframework/boot/spring-boot-starter-json/3.5.5/spring-boot-starter-json-3.5.5.jar:/home/nabrain/.m2/repository/com/fasterxml/jackson/datatype/jackson-datatype-jdk8/2.19.2/jackson-datatype-jdk8-2.19.2.jar:/home/nabrain/.m2/repository/org/springframework/boot/spring-boot-starter-tomcat/3.5.5/spring-boot-starter-tomcat-3.5.5.jar:/home/nabrain/.m2/repository/org/apache/tomcat/embed/tomcat-embed-core/10.1.44/tomcat-embed-core-10.1.44.jar:/home/nabrain/.m2/repository/org/apache/tomcat/embed/tomcat-embed-el/10.1.44/tomcat-embed-el-10.1.44.jar:/home/nabrain/.m2/repository/org/apache/tomcat/embed/tomcat-embed-websocket/10.1.44/tomcat-embed-websocket-10.1.44.jar:/home/nabrain/.m2/repository/org/springframework/spring-web/6.2.10/spring-web-6.2.10.jar:/home/nabrain/.m2/repository/org/springframework/spring-webmvc/6.2.10/spring-webmvc-6.2.10.jar:/home/nabrain/.m2/repository/gg/jte/jte-spring-boot-starter-3/3.2.1/jte-spring-boot-starter-3-3.2.1.jar:/home/nabrain/.m2/repository/org/springframework/boot/spring-boot-autoconfigure/3.5.5/spring-boot-autoconfigure-3.5.5.jar:/home/nabrain/.m2/repository/gg/jte/jte/3.2.1/jte-3.2.1.jar:/home/nabrain/.m2/repository/gg/jte/jte-runtime/3.2.1/jte-runtime-3.2.1.jar:/home/nabrain/.m2/repository/gg/jte/jte-extension-api/3.2.1/jte-extension-api-3.2.1.jar:/home/nabrain/.m2/repository/org/springframework/boot/spring-boot-starter-security/3.5.5/spring-boot-starter-security-3.5.5.jar:/home/nabrain/.m2/repository/org/springframework/spring-aop/6.2.10/spring-aop-6.2.10.jar:/home/nabrain/.m2/repository/org/springframework/security/spring-security-config/6.5.3/spring-security-config-6.5.3.jar:/home/nabrain/.m2/repository/org/springframework/security/spring-security-web/6.5.3/spring-security-web-6.5.3.jar:/home/nabrain/.m2/repository/org/springframework/security/spring-security-core/6.5.3/spring-security-core-6.5.3.jar:/home/nabrain/.m2/repository/org/springframework/security/spring-security-crypto/6.5.3/spring-security-crypto-6.5.3.jar:/home/nabrain/.m2/repository/org/springframework/spring-beans/6.2.10/spring-beans-6.2.10.jar:/home/nabrain/.m2/repository/org/springframework/spring-context/6.2.10/spring-context-6.2.10.jar:/home/nabrain/.m2/repository/org/springframework/spring-core/6.2.10/spring-core-6.2.10.jar:/home/nabrain/.m2/repository/org/springframework/spring-jcl/6.2.10/spring-jcl-6.2.10.jar:/home/nabrain/.m2/repository/org/springframework/spring-expression/6.2.10/spring-expression-6.2.10.jar:/home/nabrain/.m2/repository/org/jsoup/jsoup/1.17.2/jsoup-1.17.2.jar:/home/nabrain/.m2/repository/org/webjars/npm/htmx.org/2.0.4/htmx.org-2.0.4.jar:/home/nabrain/.m2/repository/org/springframework/boot/spring-boot-docker-compose/3.5.5/spring-boot-docker-compose-3.5.5.jar:/home/nabrain/.m2/repository/org/springframework/boot/spring-boot/3.5.5/spring-boot-3.5.5.jar:/home/nabrain/.m2/repository/com/fasterxml/jackson/core/jackson-databind/2.19.2/jackson-databind-2.19.2.jar:/home/nabrain/.m2/repository/com/fasterxml/jackson/core/jackson-annotations/2.19.2/jackson-annotations-2.19.2.jar:/home/nabrain/.m2/repository/com/fasterxml/jackson/core/jackson-core/2.19.2/jackson-core-2.19.2.jar:/home/nabrain/.m2/repository/com/fasterxml/jackson/module/jackson-module-parameter-names/2.19.2/jackson-module-parameter-names-2.19.2.jar:/home/nabrain/.m2/repository/org/postgresql/postgresql/42.7.7/postgresql-42.7.7.jar:/home/nabrain/.m2/repository/org/checkerframework/checker-qual/3.49.3/checker-qual-3.49.3.jar:/home/nabrain/.m2/repository/org/springframework/boot/spring-boot-devtools/3.5.5/spring-boot-devtools-3.5.5.jar:/home/nabrain/.m2/repository/io/jsonwebtoken/jjwt/0.13.0/jjwt-0.13.0.jar:/home/nabrain/.m2/repository/io/jsonwebtoken/jjwt-api/0.13.0/jjwt-api-0.13.0.jar:/home/nabrain/.m2/repository/io/jsonwebtoken/jjwt-impl/0.13.0/jjwt-impl-0.13.0.jar:/home/nabrain/.m2/repository/io/jsonwebtoken/jjwt-jackson/0.13.0/jjwt-jackson-0.13.0.jar:/home/nabrain/.m2/repository/org/projectlombok/lombok/1.18.38/lombok-1.18.38.jar:/home/nabrain/.m2/repository/gg/jte/jte-watcher/3.2.1/jte-watcher-3.2.1.jar:/home/nabrain/.m2/repository/io/methvin/directory-watcher/0.16.1/directory-watcher-0.16.1.jar:/home/nabrain/.m2/repository/net/java/dev/jna/jna/5.12.1/jna-5.12.1.jar:/home/nabrain/.m2/repository/org/springframework/boot/spring-boot-starter-test/3.5.5/spring-boot-starter-test-3.5.5.jar:/home/nabrain/.m2/repository/org/springframework/boot/spring-boot-test/3.5.5/spring-boot-test-3.5.5.jar:/home/nabrain/.m2/repository/org/springframework/boot/spring-boot-test-autoconfigure/3.5.5/spring-boot-test-autoconfigure-3.5.5.jar:/home/nabrain/.m2/repository/com/jayway/jsonpath/json-path/2.9.0/json-path-2.9.0.jar:/home/nabrain/.m2/repository/jakarta/xml/bind/jakarta.xml.bind-api/4.0.2/jakarta.xml.bind-api-4.0.2.jar:/home/nabrain/.m2/repository/jakarta/activation/jakarta.activation-api/2.1.3/jakarta.activation-api-2.1.3.jar:/home/nabrain/.m2/repository/net/minidev/json-smart/2.5.2/json-smart-2.5.2.jar:/home/nabrain/.m2/repository/net/minidev/accessors-smart/2.5.2/accessors-smart-2.5.2.jar:/home/nabrain/.m2/repository/org/ow2/asm/asm/9.7.1/asm-9.7.1.jar:/home/nabrain/.m2/repository/org/assertj/assertj-core/3.27.4/assertj-core-3.27.4.jar:/home/nabrain/.m2/repository/net/bytebuddy/byte-buddy/1.17.7/byte-buddy-1.17.7.jar:/home/nabrain/.m2/repository/org/awaitility/awaitility/4.2.2/awaitility-4.2.2.jar:/home/nabrain/.m2/repository/org/hamcrest/hamcrest/3.0/hamcrest-3.0.jar:/home/nabrain/.m2/repository/org/junit/jupiter/junit-jupiter/5.12.2/junit-jupiter-5.12.2.jar:/home/nabrain/.m2/repository/org/junit/jupiter/junit-jupiter-api/5.12.2/junit-jupiter-api-5.12.2.jar:/home/nabrain/.m2/repository/org/opentest4j/opentest4j/1.3.0/opentest4j-1.3.0.jar:/home/nabrain/.m2/repository/org/junit/platform/junit-platform-commons/1.12.2/junit-platform-commons-1.12.2.jar:/home/nabrain/.m2/repository/org/apiguardian/apiguardian-api/1.1.2/apiguardian-api-1.1.2.jar:/home/nabrain/.m2/repository/org/junit/jupiter/junit-jupiter-params/5.12.2/junit-jupiter-params-5.12.2.jar:/home/nabrain/.m2/repository/org/junit/jupiter/junit-jupiter-engine/5.12.2/junit-jupiter-engine-5.12.2.jar:/home/nabrain/.m2/repository/org/junit/platform/junit-platform-engine/1.12.2/junit-platform-engine-1.12.2.jar:/home/nabrain/.m2/repository/org/mockito/mockito-core/5.17.0/mockito-core-5.17.0.jar:/home/nabrain/.m2/repository/net/bytebuddy/byte-buddy-agent/1.17.7/byte-buddy-agent-1.17.7.jar:/home/nabrain/.m2/repository/org/objenesis/objenesis/3.3/objenesis-3.3.jar:/home/nabrain/.m2/repository/org/mockito/mockito-junit-jupiter/5.17.0/mockito-junit-jupiter-5.17.0.jar:/home/nabrain/.m2/repository/org/skyscreamer/jsonassert/1.5.3/jsonassert-1.5.3.jar:/home/nabrain/.m2/repository/com/vaadin/external/google/android-json/0.0.20131108.vaadin1/android-json-0.0.20131108.vaadin1.jar:/home/nabrain/.m2/repository/org/springframework/spring-test/6.2.10/spring-test-6.2.10.jar:/home/nabrain/.m2/repository/org/xmlunit/xmlunit-core/2.10.3/xmlunit-core-2.10.3.jar:"/>
    <property name="sun.cpu.endian" value="little"/>
    <property name="user.home" value="/home/nabrain"/>
    <property name="user.language" value="en"/>
    <property name="java.specification.vendor" value="Oracle Corporation"/>
    <property name="java.version.date" value="2025-07-15"/>
    <property name="java.home" value="/home/nabrain/.jdks/jbr-21.0.8-1"/>
    <property name="file.separator" value="/"/>
    <property name="basedir" value="/home/nabrain/projects/dictionary-app"/>
    <property name="java.vm.compressedOopsMode" value="Zero based"/>
    <property name="line.separator" value="&#10;"/>
    <property name="java.vm.specification.vendor" value="Oracle Corporation"/>
    <property name="java.specification.name" value="Java Platform API Specification"/>
    <property name="intellij.os.virtualization" value="none"/>
    <property name="jbr.virtualization.information" value="No virtualization detected"/>
    <property name="surefire.real.class.path" value="/home/nabrain/projects/dictionary-app/target/surefire/surefirebooter-20250919205344587_3.jar"/>
    <property name="sun.management.compiler" value="HotSpot 64-Bit Tiered Compilers"/>
    <property name="java.runtime.version" value="21.0.8+9-b1115.48"/>
    <property name="user.name" value="nabrain"/>
    <property name="stdout.encoding" value="UTF-8"/>
    <property name="awt.toolkit.name" value="XToolkit"/>
    <property name="path.separator" value=":"/>
    <property name="os.version" value="6.12.10-76061203-generic"/>
    <property name="java.runtime.name" value="OpenJDK Runtime Environment"/>
    <property name="file.encoding" value="UTF-8"/>
    <property name="sun.net.http.allowRestrictedHeaders" value="true"/>
    <property name="java.vm.name" value="OpenJDK 64-Bit Server VM"/>
    <property name="java.vendor.version" value="JBR-21.0.8+9-1115.48-nomod"/>
    <property name="localRepository" value="/home/nabrain/.m2/repository"/>
    <property name="java.vendor.url.bug" value="https://bugreport.java.com/bugreport/"/>
    <property name="java.io.tmpdir" value="/tmp"/>
    <property name="idea.version" value="2025.1.5.1"/>
    <property name="java.version" value="21.0.8"/>
    <property name="user.dir" value="/home/nabrain/projects/dictionary-app"/>
    <property name="os.arch" value="amd64"/>
    <property name="java.vm.specification.name" value="Java Virtual Machine Specification"/>
    <property name="native.encoding" value="UTF-8"/>
    <property name="java.library.path" value="/usr/java/packages/lib:/usr/lib64:/lib64:/lib:/usr/lib"/>
    <property name="java.vm.info" value="mixed mode, sharing"/>
    <property name="stderr.encoding" value="UTF-8"/>
    <property name="java.vendor" value="JetBrains s.r.o."/>
    <property name="java.vm.version" value="21.0.8+9-b1115.48"/>
    <property name="sun.io.unicode.encoding" value="UnicodeLittle"/>
    <property name="java.class.version" value="65.0"/>
  </properties>
  <testcase name="shouldCreateArrayOfRows1" classname="lule.dictionary.unit.service.PaginationServiceTest" time="0.02">
    <system-out><![CDATA[[[1, 2, 3, 4, 5, 6, 7], [8, 9, 10, 11, 12, 13, 14], [15, 16, 17, 18, 19, 20, 21], [22, 23]]
]]></system-out>
  </testcase>
  <testcase name="shouldCreateArrayOfRows2" classname="lule.dictionary.unit.service.PaginationServiceTest" time="0.002"/>
  <testcase name="shouldCreateArrayOfRows420" classname="lule.dictionary.unit.service.PaginationServiceTest" time="0.005"/>
  <testcase name="shouldCreateArrayOfRows_empty" classname="lule.dictionary.unit.service.PaginationServiceTest" time="0.004"/>
</testsuite>